acpi-support
activity-log-manager-control-center
adduser
aisleriot
alsa-base
anacron
app-install-data-partner
apparmor
apt
apt-transport-https
apt-utils
avahi-autoipd
baobab
base-files
base-passwd
bash
bash-completion
bluez-alsa
bluez-cups
branding-ubuntu
brltty
bsdutils
busybox-initramfs
busybox-static
bzip2
checkbox-gui
cheese
command-not-found
console-setup
coreutils
cpio
cron
cups-bsd
dash
debconf
debconf-i18n
debianutils
deja-dup
dh-python
diffuse
diffutils
dmsetup
dmz-cursor-theme
dnsutils
doc-base
dpkg
e2fslibs
e2fsprogs
ed
eject
empathy
eog
evince
example-content
file
file-roller
findutils
firefox
firefox-locale-en
fonts-droid
fonts-freefont-ttf
fonts-kacst-one
fonts-khmeros-core
fonts-lao
fonts-liberation
fonts-lklug-sinhala
fonts-nanum
fonts-sil-abyssinica
fonts-sil-padauk
fonts-takao-pgothic
fonts-thai-tlwg
fonts-tibetan-machine
foomatic-db-compressed-ppds
friendly-recovery
ftp
gcc
gcc-4.8-base
gcc-4.9-base
gedit
ghostscript-x
gnome-accessibility-themes
gnome-disk-utility
gnome-font-viewer
gnome-mahjongg
gnome-orca
gnome-screenshot
gnome-session-canberra
gnome-sudoku
gnome-system-log
gnome-terminal
gnomine
gnupg
gpgv
grep
grub-common
grub-gfxpayload-lists
grub-pc
grub-pc-bin
grub2-common
gstreamer0.10-alsa
gstreamer0.10-plugins-base-apps
gstreamer1.0-alsa
gstreamer1.0-plugins-base-apps
gucharmap
gvfs-bin
gvfs-fuse
gzip
hostname
hplip
hyphen-en-us
ibus-pinyin
ibus-table
ifupdown
info
init-system-helpers
initramfs-tools
initramfs-tools-bin
initscripts
inputattach
insserv
iproute2
iputils-ping
iputils-tracepath
irqbalance
isc-dhcp-client
isc-dhcp-common
kbd
kerneloops-daemon
keyboard-configuration
klibc-utils
kmod
landscape-client-ui-install
language-pack-en
language-pack-en-base
language-pack-gnome-en
language-pack-gnome-en-base
language-selector-gnome
less
libacl1
libapt-inst1.5
libapt-pkg4.12
libarchive-extract-perl
libatk-adaptor
libattr1
libaudit-common
libaudit1
libblkid1
libbsd0
libbz2-1.0
libc-bin
libc6
libcap2
libcap2-bin
libcgmanager0
libcomerr2
libdb5.3
libdbus-1-3
libdebconfclient0
libdebian-installer4
libdevmapper-event1.02.1
libdevmapper1.02.1
libdrm2
libestr0
libexpat1
libffi6
libfribidi0
libgcc1
libgcrypt11
libgdbm3
libgnutls-openssl27
libgnutls26
libgpg-error0
libgtkmm-2.4-1c2a
libjson-c2
libjson0
libklibc
libkmod2
liblocale-gettext-perl
liblockfile-bin
liblockfile1
liblog-message-simple-perl
liblzma5
liblzo2-2
libmagic1
libmodule-pluggable-perl
libmount1
libmpdec2
libncurses5
libncursesw5
libnewt0.52
libnih-dbus1
libnih1
libnotify-bin
libnss3-1d
libp11-kit0
libpam-cap
libpam-modules
libpam-modules-bin
libpam-runtime
libpam0g
libpcre3
libplymouth2
libpng12-0
libpod-latex-perl
libpopt0
libprocps3
libproxy1-plugin-gsettings
libproxy1-plugin-networkmanager
libpython3-stdlib
libpython3.4-minimal
libpython3.4-stdlib
libqt4-sql-sqlite
libreadline5
libreadline6
libreoffice-calc
libreoffice-gnome
libreoffice-help-en-us
libreoffice-impress
libreoffice-math
libreoffice-ogltrans
libreoffice-presentation-minimizer
libreoffice-writer
libselinux1
libsemanage-common
libsemanage1
libsepol1
libslang2
libsqlite3-0
libss2
libssl1.0.0
libstdc++6
libtasn1-6
libterm-ui-perl
libtext-charwidth-perl
libtext-iconv-perl
libtext-soundex-perl
libtext-wrapi18n-perl
libtinfo5
libudev1
libusb-0.1-4
libustr-1.0-1
libuuid1
libwayland-egl1-mesa-lts-wily
libwmf0.2-7-gtk
libxp6
linux-generic-lts-wily
linux-headers-4.2.0-29
linux-headers-4.2.0-29-generic
linux-image-4.2.0-29-generic
linux-image-extra-4.2.0-29-generic
locales
lockfile-progs
login
logrotate
lsb-base
lsb-release
lshw
lsof
ltrace
makedev
mawk
memtest86+
mime-support
mlocate
module-init-tools
mount
mountall
mtr-tiny
multiarch-support
myspell-en-au
myspell-en-gb
myspell-en-za
mythes-en-us
nano
nautilus
nautilus-sendto
nautilus-share
ncurses-base
ncurses-bin
net-tools
netbase
netcat-openbsd
notify-osd
ntpdate
onboard
openoffice.org-hyphenation
openprinting-ppds
os-prober
overlay-scrollbar
passwd
pcmciautils
perl
perl-base
perl-modules
plymouth
plymouth-theme-ubuntu-logo
plymouth-theme-ubuntu-text
policykit-desktop-privileges
popularity-contest
pppconfig
pppoeconf
printer-driver-c2esp
printer-driver-foo2zjs
printer-driver-min12xxw
printer-driver-pnm2ppa
printer-driver-ptouch
printer-driver-pxljr
printer-driver-sag-gdi
printer-driver-splix
procps
pulseaudio-module-bluetooth
python3
python3-minimal
python3.4
python3.4-minimal
qt-at-spi
readline-common
remmina
resolvconf
rfkill
rhythmbox
rhythmbox-plugin-magnatune
rsync
rsyslog
seahorse
sed
sensible-utils
shotwell
simple-scan
sni-qt
software-center
speech-dispatcher
ssh-askpass-gnome
strace
sudo
sysv-rc
sysvinit-utils
tar
tcpdump
telepathy-idle
telnet
thunderbird
thunderbird-gnome-support
thunderbird-locale-en
thunderbird-locale-en-us
time
totem
totem-mozilla
transmission-gtk
tree
ttf-indic-fonts-core
ttf-punjabi-fonts
tzdata
ubuntu-artwork
ubuntu-desktop
ubuntu-docs
ubuntu-keyring
ubuntu-minimal
ubuntu-session
ubuntu-settings
ubuntu-sounds
ubuntu-sso-client-qt
ubuntu-standard
ubuntu-wallpapers-trusty
ucf
udev
ufw
unity
unity-settings-daemon
unity-webapps-common
upstart
ureadahead
usb-creator-gtk
util-linux
uuid-runtime
vim-common
vim-tiny
vino
wamerican
wbritish
whiptail
whoopsie
wireless-tools
xcursor-themes
xdg-user-dirs
xdg-user-dirs-gtk
xdiagnose
xkb-data
xorg
xserver-xorg-core-lts-wily
xserver-xorg-input-all-lts-wily
xserver-xorg-lts-wily
xserver-xorg-video-all-lts-wily
xterm
xul-ext-unity
xul-ext-webaccounts
zlib1g
